2024-08-27 19:49:10,949 [Worker-5: Loading available Gradle versions] INFO  o.e.b.c.i.u.g.PublishedGradleVersions - Gradle version information cache is up-to-date. Trying to read.
2024-08-27 19:49:38,741 [Worker-21: Importing Maven projects] INFO  o.e.m.c.i.l.LifecycleMappingFactory - Using org.eclipse.m2e.jdt.JarLifecycleMapping lifecycle mapping for MavenProject: com.code.api:bookstoreapi:0.0.1-SNAPSHOT @ C:\Users\chakr\Downloads\Week_5_Exercises\8. Online Bookstore - Implementing CRUD Operations\BookStoreAPI\pom.xml.
2024-08-27 19:49:40,235 [Worker-21: Importing Maven projects] INFO  o.e.m.j.i.AbstractJavaProjectConfigurator - Adding source folder /BookStoreAPI/src/main/java
2024-08-27 19:49:40,236 [Worker-21: Importing Maven projects] INFO  o.e.m.j.i.AbstractJavaProjectConfigurator - Adding resource folder /BookStoreAPI/src/main/resources
2024-08-27 19:49:40,296 [Worker-21: Importing Maven projects] INFO  o.e.m.j.i.AbstractJavaProjectConfigurator - Adding resource folder /BookStoreAPI/src/main/resources
2024-08-27 19:49:40,305 [Worker-21: Importing Maven projects] INFO  o.e.m.j.i.AbstractJavaProjectConfigurator - Adding source folder /BookStoreAPI/src/test/java
2024-08-27 19:49:44,381 [Worker-21: Importing Maven projects] INFO  o.e.m.c.i.p.ProjectConfigurationManager - Imported and configured 1 project(s) in 8 sec
2024-08-27 19:49:46,871 [Worker-17: Building] INFO  o.a.m.s.f.DefaultMavenResourcesFiltering - Copying 1 resource from src\main\resources to target\classes
2024-08-27 19:49:46,925 [Worker-17: Building] INFO  o.a.m.s.f.DefaultMavenResourcesFiltering - Copying 0 resource from src\main\resources to target\classes
2024-08-27 19:49:46,931 [Worker-17: Building] INFO  o.a.m.s.f.DefaultMavenResourcesFiltering - skip non existing resourceDirectory C:\Users\chakr\Downloads\Week_5_Exercises\8. Online Bookstore - Implementing CRUD Operations\BookStoreAPI\src\test\resources
2024-08-27 19:55:50,465 [Start Help Server] INFO  org.eclipse.jetty.server.Server - jetty-10.0.9; built: 2022-03-30T16:46:32.527Z; git: a9eaf8d5d73369acf610ce88f850c0d56c4b1113; jvm 17.0.3+7
2024-08-27 19:55:50,510 [Start Help Server] INFO  o.e.j.s.s.DefaultSessionIdManager - Session workerName=node0
2024-08-27 19:55:50,566 [Start Help Server] INFO  o.e.j.server.handler.ContextHandler - Started o.e.j.s.ServletContextHandler@7bf26f2a{/help,null,AVAILABLE}
2024-08-27 19:55:50,627 [Start Help Server] INFO  o.e.jetty.server.AbstractConnector - Started ServerConnector@58b121eb{HTTP/1.1, (http/1.1)}{127.0.0.1:63468}
2024-08-27 19:55:50,633 [Start Help Server] INFO  org.eclipse.jetty.server.Server - Started Server@5de6cdfb{STARTING}[10.0.9,sto=0] @414186ms
2024-08-27 20:43:24,556 [Worker-36: Building] INFO  o.a.m.s.f.DefaultMavenResourcesFiltering - Copying 1 resource from src\main\resources to target\classes
2024-08-27 20:43:24,595 [Worker-36: Building] INFO  o.a.m.s.f.DefaultMavenResourcesFiltering - Copying 0 resource from src\main\resources to target\classes
2024-08-27 20:43:24,598 [Worker-36: Building] INFO  o.a.m.s.f.DefaultMavenResourcesFiltering - skip non existing resourceDirectory C:\Users\chakr\Downloads\Week_5_Exercises\8. Online Bookstore - Implementing CRUD Operations\BookStoreAPI\src\test\resources
2024-08-27 21:24:53,983 [Worker-47: Building] INFO  o.a.m.s.f.DefaultMavenResourcesFiltering - Copying 1 resource from src\main\resources to target\classes
2024-08-27 21:24:54,273 [Worker-47: Building] INFO  o.a.m.s.f.DefaultMavenResourcesFiltering - Copying 0 resource from src\main\resources to target\classes
2024-08-27 21:24:54,278 [Worker-47: Building] INFO  o.a.m.s.f.DefaultMavenResourcesFiltering - skip non existing resourceDirectory C:\Users\chakr\Downloads\Week_5_Exercises\8. Online Bookstore - Implementing CRUD Operations\BookStoreAPI\src\test\resources
2024-08-27 21:28:46,592 [Worker-47: Building] INFO  o.a.m.s.f.DefaultMavenResourcesFiltering - Copying 1 resource from src\main\resources to target\classes
2024-08-27 21:28:46,624 [Worker-47: Building] INFO  o.a.m.s.f.DefaultMavenResourcesFiltering - Copying 0 resource from src\main\resources to target\classes
2024-08-27 21:28:46,624 [Worker-47: Building] INFO  o.a.m.s.f.DefaultMavenResourcesFiltering - skip non existing resourceDirectory C:\Users\chakr\Downloads\Week_5_Exercises\8. Online Bookstore - Implementing CRUD Operations\BookStoreAPI\src\test\resources
2024-08-27 21:50:46,472 [Worker-57: Building] INFO  o.a.m.s.f.DefaultMavenResourcesFiltering - Copying 1 resource from src\main\resources to target\classes
2024-08-27 21:50:46,480 [Worker-57: Building] INFO  o.a.m.s.f.DefaultMavenResourcesFiltering - Copying 0 resource from src\main\resources to target\classes
2024-08-27 21:50:46,482 [Worker-57: Building] INFO  o.a.m.s.f.DefaultMavenResourcesFiltering - skip non existing resourceDirectory C:\Users\chakr\Downloads\Week_5_Exercises\8. Online Bookstore - Implementing CRUD Operations\BookStoreAPI\src\test\resources
2024-08-27 21:53:23,772 [Worker-59: Building] INFO  o.a.m.s.f.DefaultMavenResourcesFiltering - Copying 1 resource from src\main\resources to target\classes
2024-08-27 21:53:23,859 [Worker-59: Building] INFO  o.a.m.s.f.DefaultMavenResourcesFiltering - Copying 0 resource from src\main\resources to target\classes
2024-08-27 21:53:23,861 [Worker-59: Building] INFO  o.a.m.s.f.DefaultMavenResourcesFiltering - skip non existing resourceDirectory C:\Users\chakr\Downloads\Week_5_Exercises\8. Online Bookstore - Implementing CRUD Operations\BookStoreAPI\src\test\resources
2024-08-27 21:55:18,467 [Worker-59: Building] INFO  o.a.m.s.f.DefaultMavenResourcesFiltering - Copying 1 resource from src\main\resources to target\classes
2024-08-27 21:55:18,519 [Worker-59: Building] INFO  o.a.m.s.f.DefaultMavenResourcesFiltering - Copying 0 resource from src\main\resources to target\classes
2024-08-27 21:55:18,522 [Worker-59: Building] INFO  o.a.m.s.f.DefaultMavenResourcesFiltering - skip non existing resourceDirectory C:\Users\chakr\Downloads\Week_5_Exercises\8. Online Bookstore - Implementing CRUD Operations\BookStoreAPI\src\test\resources
2024-08-27 21:55:22,547 [Worker-51: Building] INFO  o.a.m.s.f.DefaultMavenResourcesFiltering - Copying 1 resource from src\main\resources to target\classes
2024-08-27 21:55:22,558 [Worker-51: Building] INFO  o.a.m.s.f.DefaultMavenResourcesFiltering - Copying 0 resource from src\main\resources to target\classes
2024-08-27 21:55:22,561 [Worker-51: Building] INFO  o.a.m.s.f.DefaultMavenResourcesFiltering - skip non existing resourceDirectory C:\Users\chakr\Downloads\Week_5_Exercises\8. Online Bookstore - Implementing CRUD Operations\BookStoreAPI\src\test\resources
2024-08-27 22:11:00,405 [Stop Help Server] INFO  org.eclipse.jetty.server.Server - Stopped Server@5de6cdfb{STOPPING}[10.0.9,sto=0]
2024-08-27 22:11:00,429 [Stop Help Server] INFO  o.e.jetty.server.AbstractConnector - Stopped ServerConnector@58b121eb{HTTP/1.1, (http/1.1)}{127.0.0.1:0}
2024-08-27 22:11:00,468 [Stop Help Server] INFO  o.e.j.server.handler.ContextHandler - Stopped o.e.j.s.ServletContextHandler@7bf26f2a{/help,null,STOPPED}
2024-08-27 22:45:00,600 [Worker-3: Loading available Gradle versions] INFO  o.e.b.c.i.u.g.PublishedGradleVersions - Gradle version information cache is up-to-date. Trying to read.
2024-08-27 22:45:07,491 [Worker-12: Building] INFO  o.a.m.s.f.DefaultMavenResourcesFiltering - Copying 1 resource from src\main\resources to target\classes
2024-08-27 22:45:07,540 [Worker-12: Building] INFO  o.a.m.s.f.DefaultMavenResourcesFiltering - Copying 0 resource from src\main\resources to target\classes
2024-08-27 22:45:07,550 [Worker-12: Building] INFO  o.a.m.s.f.DefaultMavenResourcesFiltering - skip non existing resourceDirectory C:\Users\chakr\Downloads\Week_5_Exercises\8. Online Bookstore - Implementing CRUD Operations\BookStoreAPI\src\test\resources
2024-08-27 22:48:16,824 [Worker-30: Building] INFO  o.a.m.s.f.DefaultMavenResourcesFiltering - Copying 1 resource from src\main\resources to target\classes
2024-08-27 22:48:16,845 [Worker-30: Building] INFO  o.a.m.s.f.DefaultMavenResourcesFiltering - Copying 0 resource from src\main\resources to target\classes
2024-08-27 22:48:16,851 [Worker-30: Building] INFO  o.a.m.s.f.DefaultMavenResourcesFiltering - skip non existing resourceDirectory C:\Users\chakr\Downloads\Week_5_Exercises\8. Online Bookstore - Implementing CRUD Operations\BookStoreAPI\src\test\resources
2024-08-27 22:49:03,369 [Worker-29: Building] INFO  o.a.m.s.f.DefaultMavenResourcesFiltering - Copying 1 resource from src\main\resources to target\classes
2024-08-27 22:49:03,391 [Worker-29: Building] INFO  o.a.m.s.f.DefaultMavenResourcesFiltering - Copying 0 resource from src\main\resources to target\classes
2024-08-27 22:49:03,395 [Worker-29: Building] INFO  o.a.m.s.f.DefaultMavenResourcesFiltering - skip non existing resourceDirectory C:\Users\chakr\Downloads\Week_5_Exercises\8. Online Bookstore - Implementing CRUD Operations\BookStoreAPI\src\test\resources
2024-08-27 22:52:51,308 [Worker-33: Building] INFO  o.a.m.s.f.DefaultMavenResourcesFiltering - Copying 1 resource from src\main\resources to target\classes
2024-08-27 22:52:51,336 [Worker-33: Building] INFO  o.a.m.s.f.DefaultMavenResourcesFiltering - Copying 0 resource from src\main\resources to target\classes
2024-08-27 22:52:51,341 [Worker-33: Building] INFO  o.a.m.s.f.DefaultMavenResourcesFiltering - skip non existing resourceDirectory C:\Users\chakr\Downloads\Week_5_Exercises\8. Online Bookstore - Implementing CRUD Operations\BookStoreAPI\src\test\resources
2024-08-27 22:53:05,020 [Worker-32: Building] INFO  o.a.m.s.f.DefaultMavenResourcesFiltering - Copying 1 resource from src\main\resources to target\classes
2024-08-27 22:53:05,035 [Worker-32: Building] INFO  o.a.m.s.f.DefaultMavenResourcesFiltering - Copying 0 resource from src\main\resources to target\classes
2024-08-27 22:53:05,039 [Worker-32: Building] INFO  o.a.m.s.f.DefaultMavenResourcesFiltering - skip non existing resourceDirectory C:\Users\chakr\Downloads\Week_5_Exercises\8. Online Bookstore - Implementing CRUD Operations\BookStoreAPI\src\test\resources
2024-08-27 22:53:36,299 [Worker-19: Building] INFO  o.a.m.s.f.DefaultMavenResourcesFiltering - Copying 1 resource from src\main\resources to target\classes
2024-08-27 22:53:36,312 [Worker-19: Building] INFO  o.a.m.s.f.DefaultMavenResourcesFiltering - Copying 0 resource from src\main\resources to target\classes
2024-08-27 22:53:36,316 [Worker-19: Building] INFO  o.a.m.s.f.DefaultMavenResourcesFiltering - skip non existing resourceDirectory C:\Users\chakr\Downloads\Week_5_Exercises\8. Online Bookstore - Implementing CRUD Operations\BookStoreAPI\src\test\resources
2024-08-27 22:56:22,391 [Worker-35: Building] INFO  o.a.m.s.f.DefaultMavenResourcesFiltering - Copying 1 resource from src\main\resources to target\classes
2024-08-27 22:56:22,406 [Worker-35: Building] INFO  o.a.m.s.f.DefaultMavenResourcesFiltering - Copying 0 resource from src\main\resources to target\classes
2024-08-27 22:56:22,410 [Worker-35: Building] INFO  o.a.m.s.f.DefaultMavenResourcesFiltering - skip non existing resourceDirectory C:\Users\chakr\Downloads\Week_5_Exercises\8. Online Bookstore - Implementing CRUD Operations\BookStoreAPI\src\test\resources
