2024-08-27 23:06:01,760 [Worker-5: Loading available Gradle versions] INFO  o.e.b.c.i.u.g.PublishedGradleVersions - Gradle version information cache is up-to-date. Trying to read.
2024-08-27 23:06:31,627 [Worker-22: Importing Maven projects] INFO  o.e.m.c.i.l.LifecycleMappingFactory - Using org.eclipse.m2e.jdt.JarLifecycleMapping lifecycle mapping for MavenProject: com.code.api:bookstoreapi:0.0.1-SNAPSHOT @ C:\Users\chakr\Downloads\Week_5_Exercises\9. Online Bookstore - Understanding HATEOAS\BookStoreAPI\pom.xml.
2024-08-27 23:06:33,161 [Worker-22: Importing Maven projects] INFO  o.e.m.c.i.e.AbstractTransferListenerAdapter - Downloading https://repo.maven.apache.org/maven2/org/springframework/boot/spring-boot-starter-hateoas/3.3.2/spring-boot-starter-hateoas-3.3.2.pom
2024-08-27 23:06:33,256 [Worker-22: Importing Maven projects] INFO  o.e.m.c.i.e.AbstractTransferListenerAdapter - Downloaded https://repo.maven.apache.org/maven2/org/springframework/boot/spring-boot-starter-hateoas/3.3.2/spring-boot-starter-hateoas-3.3.2.pom
2024-08-27 23:06:33,424 [Worker-22: Importing Maven projects] INFO  o.e.m.c.i.e.AbstractTransferListenerAdapter - Downloading https://repo.maven.apache.org/maven2/org/springframework/hateoas/spring-hateoas/2.3.1/spring-hateoas-2.3.1.pom
2024-08-27 23:06:33,673 [Worker-22: Importing Maven projects] INFO  o.e.m.c.i.e.AbstractTransferListenerAdapter - Downloaded https://repo.maven.apache.org/maven2/org/springframework/hateoas/spring-hateoas/2.3.1/spring-hateoas-2.3.1.pom
2024-08-27 23:06:33,835 [Worker-22: Importing Maven projects] INFO  o.e.m.c.i.e.AbstractTransferListenerAdapter - Downloading https://repo.maven.apache.org/maven2/org/springframework/plugin/spring-plugin-core/3.0.0/spring-plugin-core-3.0.0.pom
2024-08-27 23:06:34,082 [Worker-22: Importing Maven projects] INFO  o.e.m.c.i.e.AbstractTransferListenerAdapter - Downloaded https://repo.maven.apache.org/maven2/org/springframework/plugin/spring-plugin-core/3.0.0/spring-plugin-core-3.0.0.pom
2024-08-27 23:06:34,451 [AetherRepositoryConnector-repo.maven.apache.org-0-1] INFO  o.e.m.c.i.e.AbstractTransferListenerAdapter - Downloading https://repo.maven.apache.org/maven2/org/springframework/hateoas/spring-hateoas/2.3.1/spring-hateoas-2.3.1.jar
2024-08-27 23:06:34,535 [AetherRepositoryConnector-repo.maven.apache.org-0-2] INFO  o.e.m.c.i.e.AbstractTransferListenerAdapter - Downloading https://repo.maven.apache.org/maven2/org/springframework/plugin/spring-plugin-core/3.0.0/spring-plugin-core-3.0.0.jar
2024-08-27 23:06:34,535 [AetherRepositoryConnector-repo.maven.apache.org-0-0] INFO  o.e.m.c.i.e.AbstractTransferListenerAdapter - Downloading https://repo.maven.apache.org/maven2/org/springframework/boot/spring-boot-starter-hateoas/3.3.2/spring-boot-starter-hateoas-3.3.2.jar
2024-08-27 23:06:34,601 [AetherRepositoryConnector-repo.maven.apache.org-0-2] INFO  o.e.m.c.i.e.AbstractTransferListenerAdapter - Downloaded https://repo.maven.apache.org/maven2/org/springframework/plugin/spring-plugin-core/3.0.0/spring-plugin-core-3.0.0.jar
2024-08-27 23:06:34,601 [AetherRepositoryConnector-repo.maven.apache.org-0-0] INFO  o.e.m.c.i.e.AbstractTransferListenerAdapter - Downloaded https://repo.maven.apache.org/maven2/org/springframework/boot/spring-boot-starter-hateoas/3.3.2/spring-boot-starter-hateoas-3.3.2.jar
2024-08-27 23:06:34,645 [AetherRepositoryConnector-repo.maven.apache.org-0-1] INFO  o.e.m.c.i.e.AbstractTransferListenerAdapter - Downloaded https://repo.maven.apache.org/maven2/org/springframework/hateoas/spring-hateoas/2.3.1/spring-hateoas-2.3.1.jar
2024-08-27 23:06:35,366 [Worker-22: Importing Maven projects] INFO  o.e.m.j.i.AbstractJavaProjectConfigurator - Adding source folder /BookStoreAPI/src/main/java
2024-08-27 23:06:35,367 [Worker-22: Importing Maven projects] INFO  o.e.m.j.i.AbstractJavaProjectConfigurator - Adding resource folder /BookStoreAPI/src/main/resources
2024-08-27 23:06:35,375 [Worker-22: Importing Maven projects] INFO  o.e.m.j.i.AbstractJavaProjectConfigurator - Adding resource folder /BookStoreAPI/src/main/resources
2024-08-27 23:06:35,382 [Worker-22: Importing Maven projects] INFO  o.e.m.j.i.AbstractJavaProjectConfigurator - Adding source folder /BookStoreAPI/src/test/java
2024-08-27 23:06:36,838 [Worker-5: Download sources and javadoc] INFO  o.e.m.c.i.e.AbstractTransferListenerAdapter - Downloading https://repo.maven.apache.org/maven2/org/springframework/boot/spring-boot-starter-hateoas/3.3.2/spring-boot-starter-hateoas-3.3.2-sources.jar
2024-08-27 23:06:36,896 [Worker-5: Download sources and javadoc] INFO  o.e.m.c.i.e.AbstractTransferListenerAdapter - Downloaded https://repo.maven.apache.org/maven2/org/springframework/boot/spring-boot-starter-hateoas/3.3.2/spring-boot-starter-hateoas-3.3.2-sources.jar
2024-08-27 23:06:36,903 [Worker-5: Download sources and javadoc] INFO  o.e.m.j.internal.DownloadSourcesJob - Downloaded sources for org.springframework.boot:spring-boot-starter-hateoas:3.3.2
2024-08-27 23:06:37,046 [Worker-5: Download sources and javadoc] INFO  o.e.m.c.i.e.AbstractTransferListenerAdapter - Downloading https://repo.maven.apache.org/maven2/org/springframework/hateoas/spring-hateoas/2.3.1/spring-hateoas-2.3.1-sources.jar
2024-08-27 23:06:37,182 [Worker-5: Download sources and javadoc] INFO  o.e.m.c.i.e.AbstractTransferListenerAdapter - Downloaded https://repo.maven.apache.org/maven2/org/springframework/hateoas/spring-hateoas/2.3.1/spring-hateoas-2.3.1-sources.jar
2024-08-27 23:06:37,189 [Worker-5: Download sources and javadoc] INFO  o.e.m.j.internal.DownloadSourcesJob - Downloaded sources for org.springframework.hateoas:spring-hateoas:2.3.1
2024-08-27 23:06:37,354 [Worker-5: Download sources and javadoc] INFO  o.e.m.c.i.e.AbstractTransferListenerAdapter - Downloading https://repo.maven.apache.org/maven2/org/springframework/plugin/spring-plugin-core/3.0.0/spring-plugin-core-3.0.0-sources.jar
2024-08-27 23:06:37,423 [Worker-5: Download sources and javadoc] INFO  o.e.m.c.i.e.AbstractTransferListenerAdapter - Downloaded https://repo.maven.apache.org/maven2/org/springframework/plugin/spring-plugin-core/3.0.0/spring-plugin-core-3.0.0-sources.jar
2024-08-27 23:06:37,429 [Worker-5: Download sources and javadoc] INFO  o.e.m.j.internal.DownloadSourcesJob - Downloaded sources for org.springframework.plugin:spring-plugin-core:3.0.0
2024-08-27 23:06:37,734 [Worker-22: Importing Maven projects] INFO  o.e.m.c.i.p.ProjectConfigurationManager - Imported and configured 1 project(s) in 8 sec
2024-08-27 23:06:40,052 [Worker-17: Building] INFO  o.a.m.s.f.DefaultMavenResourcesFiltering - Copying 1 resource from src\main\resources to target\classes
2024-08-27 23:06:40,084 [Worker-17: Building] INFO  o.a.m.s.f.DefaultMavenResourcesFiltering - Copying 0 resource from src\main\resources to target\classes
2024-08-27 23:06:40,088 [Worker-17: Building] INFO  o.a.m.s.f.DefaultMavenResourcesFiltering - skip non existing resourceDirectory C:\Users\chakr\Downloads\Week_5_Exercises\9. Online Bookstore - Understanding HATEOAS\BookStoreAPI\src\test\resources
2024-08-27 23:29:25,968 [Start Help Server] INFO  org.eclipse.jetty.server.Server - jetty-10.0.9; built: 2022-03-30T16:46:32.527Z; git: a9eaf8d5d73369acf610ce88f850c0d56c4b1113; jvm 17.0.3+7
2024-08-27 23:29:26,023 [Start Help Server] INFO  o.e.j.s.s.DefaultSessionIdManager - Session workerName=node0
2024-08-27 23:29:26,093 [Start Help Server] INFO  o.e.j.server.handler.ContextHandler - Started o.e.j.s.ServletContextHandler@2f41d9c8{/help,null,AVAILABLE}
2024-08-27 23:29:26,159 [Start Help Server] INFO  o.e.jetty.server.AbstractConnector - Started ServerConnector@390a2109{HTTP/1.1, (http/1.1)}{127.0.0.1:50716}
2024-08-27 23:29:26,163 [Start Help Server] INFO  org.eclipse.jetty.server.Server - Started Server@79b72d8{STARTING}[10.0.9,sto=0] @1416918ms
2024-08-28 01:26:48,766 [Stop Help Server] INFO  org.eclipse.jetty.server.Server - Stopped Server@79b72d8{STOPPING}[10.0.9,sto=0]
2024-08-28 01:26:48,782 [Stop Help Server] INFO  o.e.jetty.server.AbstractConnector - Stopped ServerConnector@390a2109{HTTP/1.1, (http/1.1)}{127.0.0.1:0}
2024-08-28 01:26:48,804 [Stop Help Server] INFO  o.e.j.server.handler.ContextHandler - Stopped o.e.j.s.ServletContextHandler@2f41d9c8{/help,null,STOPPED}
